0 info it worked if it ends with ok
1 verbose cli [ '/home/kevinaud/.nvm/versions/node/v6.6.0/bin/node',
1 verbose cli   '/home/kevinaud/.nvm/versions/node/v6.6.0/bin/npm',
1 verbose cli   'run',
1 verbose cli   'test' ]
2 info using npm@3.10.3
3 info using node@v6.6.0
4 verbose run-script [ 'pretest', 'test', 'posttest' ]
5 info lifecycle ci-template-project@1.0.0~pretest: ci-template-project@1.0.0
6 silly lifecycle ci-template-project@1.0.0~pretest: no script for pretest, continuing
7 info lifecycle ci-template-project@1.0.0~test: ci-template-project@1.0.0
8 verbose lifecycle ci-template-project@1.0.0~test: unsafe-perm in lifecycle true
9 verbose lifecycle ci-template-project@1.0.0~test: PATH: /home/kevinaud/.nvm/versions/node/v6.6.0/lib/node_modules/npm/bin/node-gyp-bin:/home/kevinaud/bin/ci-template-project/node_modules/.bin:/home/kevinaud/.nvm/versions/node/v6.6.0/bin:/home/kevinaud/.nvm/versions/node/v6.6.0/bin:/home/kevinaud/anaconda3/bin:~/bin/c++/bin:~/bin/bash-scripts:/home/kevinaud/anaconda3/bin:/home/kevinaud/.pyenv/shims:/home/kevinaud/.pyenv/shims:/home/kevinaud/.pyenv/bin:/usr/share/java:/sbin:/bin:/usr/sbin:/usr/bin:/usr/local/git/bin:/home/kevinaud/bin:/home/kevinaud/bin/java:~/bin/maven/bin
10 verbose lifecycle ci-template-project@1.0.0~test: CWD: /home/kevinaud/bin/ci-template-project
11 silly lifecycle ci-template-project@1.0.0~test: Args: [ '-c', 'mocha tests/all' ]
12 silly lifecycle ci-template-project@1.0.0~test: Returned: code: 1  signal: null
13 info lifecycle ci-template-project@1.0.0~test: Failed to exec test script
14 verbose stack Error: ci-template-project@1.0.0 test: `mocha tests/all`
14 verbose stack Exit status 1
14 verbose stack     at EventEmitter.<anonymous> (/home/kevinaud/.nvm/versions/node/v6.6.0/lib/node_modules/npm/lib/utils/lifecycle.js:242:16)
14 verbose stack     at emitTwo (events.js:106:13)
14 verbose stack     at EventEmitter.emit (events.js:191:7)
14 verbose stack     at ChildProcess.<anonymous> (/home/kevinaud/.nvm/versions/node/v6.6.0/lib/node_modules/npm/lib/utils/spawn.js:40:14)
14 verbose stack     at emitTwo (events.js:106:13)
14 verbose stack     at ChildProcess.emit (events.js:191:7)
14 verbose stack     at maybeClose (internal/child_process.js:877:16)
14 verbose stack     at Process.ChildProcess._handle.onexit (internal/child_process.js:226:5)
15 verbose pkgid ci-template-project@1.0.0
16 verbose cwd /home/kevinaud/bin/ci-template-project
17 error Linux 4.2.8-300.fc23.x86_64
18 error argv "/home/kevinaud/.nvm/versions/node/v6.6.0/bin/node" "/home/kevinaud/.nvm/versions/node/v6.6.0/bin/npm" "run" "test"
19 error node v6.6.0
20 error npm  v3.10.3
21 error code ELIFECYCLE
22 error ci-template-project@1.0.0 test: `mocha tests/all`
22 error Exit status 1
23 error Failed at the ci-template-project@1.0.0 test script 'mocha tests/all'.
23 error Make sure you have the latest version of node.js and npm installed.
23 error If you do, this is most likely a problem with the ci-template-project package,
23 error not with npm itself.
23 error Tell the author that this fails on your system:
23 error     mocha tests/all
23 error You can get information on how to open an issue for this project with:
23 error     npm bugs ci-template-project
23 error Or if that isn't available, you can get their info via:
23 error     npm owner ls ci-template-project
23 error There is likely additional logging output above.
24 verbose exit [ 1, true ]
